## composer audit
+-------------------+----------------------------------------------------------------------------------+
| Package           | league/commonmark                                                                |
| Severity          | medium                                                                           |
| Advisory ID       | PKSA-21fb-n1x5-5nf7                                                              |
| CVE               | CVE-2026-33347                                                                   |
| Title             | league/commonmark has an embed extension allowed_domains bypass                  |
| URL               | https://github.com/advisories/GHSA-hh8v-hgvp-g3f5                                |
| Affected versions | >=2.3.0,<=2.8.1                                                                  |
| Reported at       | 2026-03-19T19:04:24+00:00                                                        |
+-------------------+----------------------------------------------------------------------------------+
+-------------------+----------------------------------------------------------------------------------+
| Package           | league/commonmark                                                                |
| Severity          | medium                                                                           |
| Advisory ID       | PKSA-2cx9-ynrq-qdk3                                                              |
| CVE               | CVE-2026-30838                                                                   |
| Title             | CommonMark has DisallowedRawHtml extension bypass via whitespace in HTML tag     |
|                   | names                                                                            |
| URL               | https://github.com/advisories/GHSA-4v6x-c7xx-hw9f                                |
| Affected versions | >=2.0.0,<=2.8.0                                                                  |
| Reported at       | 2026-03-06T23:27:03+00:00                                                        |
+-------------------+----------------------------------------------------------------------------------+
+-------------------+----------------------------------------------------------------------------------+
| Package           | phpunit/phpunit                                                                  |
| Severity          | high                                                                             |
| Advisory ID       | PKSA-z3gr-8qht-p93v                                                              |
| CVE               | CVE-2026-24765                                                                   |
| Title             | Unsafe Deserialization in PHPT Code Coverage Handling                            |
| URL               | https://github.com/sebastianbergmann/phpunit/security/advisories/GHSA-vvj3-c3rp- |
|                   | c85p                                                                             |
| Affected versions | >=0,<8.5.52|>=9.0.0,<9.6.33|>=10.0.0,<10.5.62|>=11.0.0,<11.5.50|>=12.0.0,<12.5.8 |
| Reported at       | 2026-01-27T05:21:14+00:00                                                        |
+-------------------+----------------------------------------------------------------------------------+
+-------------------+----------------------------------------------------------------------------------+
| Package           | psy/psysh                                                                        |
| Severity          | medium                                                                           |
| Advisory ID       | PKSA-4s4z-t146-6123                                                              |
| CVE               | CVE-2026-25129                                                                   |
| Title             | PsySH has Local Privilege Escalation via CWD .psysh.php auto-load                |
| URL               | https://github.com/advisories/GHSA-4486-gxhx-5mg7                                |
| Affected versions | <=0.11.22|>=0.12.0,<=0.12.18                                                     |
| Reported at       | 2026-01-30T21:28:44+00:00                                                        |
+-------------------+----------------------------------------------------------------------------------+
+-------------------+----------------------------------------------------------------------------------+
| Package           | symfony/http-foundation                                                          |
| Severity          | high                                                                             |
| Advisory ID       | PKSA-365x-2zjk-pt47                                                              |
| CVE               | CVE-2025-64500                                                                   |
| Title             | CVE-2025-64500: Incorrect parsing of PATH_INFO can lead to limited authorization |
|                   | bypass                                                                           |
| URL               | https://symfony.com/blog/cve-2025-64500-incorrect-parsing-of-path-info-can-lead- |
|                   | to-limited-authorization-bypass                                                  |
| Affected versions | >=2.0.0,<3.0.0|>=3.0.0,<4.0.0|>=4.0.0,<5.0.0|>=5.0.0,<5.1.0|>=5.1.0,<5.2.0|>=5.2 |
|                   | .0,<5.3.0|>=5.3.0,<5.4.0|>=5.4.0,<5.4.50|>=6.0.0,<6.1.0|>=6.1.0,<6.2.0|>=6.2.0,< |
|                   | 6.3.0|>=6.3.0,<6.4.0|>=6.4.0,<6.4.29|>=7.0.0,<7.1.0|>=7.1.0,<7.2.0|>=7.2.0,<7.3. |
|                   | 0|>=7.3.0,<7.3.7                                                                 |
| Reported at       | 2025-11-12T11:09:14+00:00                                                        |
+-------------------+----------------------------------------------------------------------------------+
+-------------------+----------------------------------------------------------------------------------+
| Package           | symfony/process                                                                  |
| Severity          | medium                                                                           |
| Advisory ID       | PKSA-rkkf-636k-qjb3                                                              |
| CVE               | CVE-2026-24739                                                                   |
| Title             | Symfony's incorrect argument escaping under MSYS2/Git Bash can lead to           |
|                   | destructive file operations on Windows                                           |
| URL               | https://github.com/advisories/GHSA-r39x-jcww-82v6                                |
| Affected versions | >=8.0,<8.0.5|>=7.4,<7.4.5|>=7.3,<7.3.11|>=6.4,<6.4.33|<5.4.51                    |
| Reported at       | 2026-01-28T21:28:10+00:00                                                        |
+-------------------+----------------------------------------------------------------------------------+
+--------------------------+----------------------------------------------------------------------------------+
| Abandoned Package        | Suggested Replacement                                                            |
+--------------------------+----------------------------------------------------------------------------------+
| php-http/message-factory | psr/http-factory                                                                 |
+--------------------------+----------------------------------------------------------------------------------+
## npm audit prod
found 0 vulnerabilities
## composer outdated direct
barryvdh/laravel-dompdf   3.1.1    ! 3.1.2   A DOMPDF Wrapper for Laravel
guzzlehttp/guzzle         7.9.3    ! 7.10.0  Guzzle is a PHP HTTP client lib...
intervention/image        2.7.0    ~ 4.0.3   Image handling and manipulation...
laravel/breeze            1.29.1   ~ 2.4.1   Minimal Laravel authentication ...
laravel/framework         10.48.29 ~ 13.8.0  The Laravel Framework.
laravel/pint              1.22.1   ! 1.29.1  An opinionated code formatter f...
laravel/sail              1.43.1   ! 1.58.0  Docker files for running a basi...
laravel/sanctum           3.3.3    ~ 4.3.2   Laravel Sanctum provides a feat...
laravel/tinker            2.10.1   ~ 3.0.2   Powerful REPL for the Laravel f...
laravel/ui                4.6.1    ! 4.6.3   Laravel UI utilities and presets.
nunomaduro/collision      7.12.0   ~ 8.9.4   Cli error handling for console/...
phpunit/phpunit           10.5.47  ~ 12.5.24 The PHP Unit Testing framework.
predis/predis             2.4.0    ~ 3.4.2   A flexible and feature-complete...
sentry/sentry-laravel     3.8.2    ~ 4.25.1  Laravel SDK for Sentry (https:/...
spatie/laravel-backup     8.8.2    ~ 10.2.1  A Laravel package to backup you...
spatie/laravel-ignition   2.9.1    ! 2.12.0  A beautiful error page for Lara...
spatie/laravel-permission 6.20.0   ~ 7.4.1   Permission handling for Laravel...
venturecraft/revisionable 1.42.0   ! 1.43.0  Keep a revision history for you...
## npm outdated depth0
Package              Current   Wanted   Latest  Location                          Depended by
@playwright/test      1.58.2   1.59.1   1.59.1  node_modules/@playwright/test     simpeg
@tailwindcss/forms     0.5.9   0.5.11   0.5.11  node_modules/@tailwindcss/forms   simpeg
@types/node           25.2.2   25.6.2   25.6.2  node_modules/@types/node          simpeg
alpinejs              3.14.3  3.15.12  3.15.12  node_modules/alpinejs             simpeg
autoprefixer         10.4.20   10.5.0   10.5.0  node_modules/autoprefixer         simpeg
axios                  1.7.7   1.16.0   1.16.0  node_modules/axios                simpeg
laravel-vite-plugin    1.0.5    1.3.0    3.1.0  node_modules/laravel-vite-plugin  simpeg
postcss               8.4.47   8.5.14   8.5.14  node_modules/postcss              simpeg
tailwindcss           3.4.14   3.4.19    4.3.0  node_modules/tailwindcss          simpeg
vite                   5.4.9   5.4.21   8.0.11  node_modules/vite                 simpeg
