## dangerous php/blade/js patterns
### raw blade
resources/views/components/text-input.blade.php:3:<input {{ $disabled ? 'disabled' : '' }} {!! $attributes->merge(['class' => 'border-gray-300 focus:border-indigo-500 focus:ring-indigo-500 rounded-md shadow-sm']) !!}>
### debug funcs
### raw sql
database/migrations/2023_08_11_fix_pegawai_uuid_column.php:18:                DB::statement('SET FOREIGN_KEY_CHECKS=0');
database/migrations/2023_08_11_fix_pegawai_uuid_column.php:33:                    DB::statement('ALTER TABLE riwayat_pangkat DROP FOREIGN KEY riwayat_pangkat_pegawai_uuid_foreign');
database/migrations/2023_08_11_fix_pegawai_uuid_column.php:39:                DB::statement('ALTER TABLE riwayat_pangkat ADD CONSTRAINT riwayat_pangkat_pegawai_uuid_foreign FOREIGN KEY (pegawai_uuid) REFERENCES pegawai(uuid) ON DELETE CASCADE');
database/migrations/2023_08_11_fix_pegawai_uuid_column.php:109:                DB::statement('SET FOREIGN_KEY_CHECKS=1');
database/migrations/2013_04_09_062329_create_revisions_table.php:27:            $table->uuid('uuid')->primary()->default(DB::raw('(UUID())'));
### exec/eval/unserialize
### upload filename trust
app/Http/Controllers/PegawaiController.php:178:        $path = $request->file('foto')->storeAs('public/pic/pegawai', $filename);
app/Http/Controllers/CutiController.php:238:            $file->storeAs('public/dokumen/cuti', $filename);
app/Http/Controllers/CutiController.php:445:            $file->storeAs('public/dokumen/cuti', $filename);
app/Http/Controllers/IzinController.php:172:            $file->storeAs('public/dokumen/izin', $fileName);
app/Http/Controllers/IzinController.php:242:            $file->storeAs('public/dokumen/izin', $fileName);
### redirects away/previous/request
app/Exceptions/Handler.php:47:            return redirect()->back()->withInput()->withError('Session expired. Please try again.');
app/Http/Controllers/PegawaiController.php:99:            return redirect()->back()->with('error', 'Failed to create pegawai');
app/Http/Controllers/CutiController.php:167:                return redirect()->back()
app/Http/Controllers/CutiController.php:173:                return redirect()->back()
app/Http/Controllers/CutiController.php:182:                return redirect()->back()
app/Http/Controllers/CutiController.php:188:                return redirect()->back()
app/Http/Controllers/CutiController.php:196:                return redirect()->back()
app/Http/Controllers/CutiController.php:210:                return redirect()->back()
app/Http/Controllers/CutiController.php:223:                return redirect()->back()
app/Http/Controllers/CutiController.php:370:                return redirect()->back()
app/Http/Controllers/CutiController.php:376:                return redirect()->back()
app/Http/Controllers/CutiController.php:385:                return redirect()->back()
app/Http/Controllers/CutiController.php:391:                return redirect()->back()
app/Http/Controllers/CutiController.php:398:                return redirect()->back()
app/Http/Controllers/CutiController.php:413:                return redirect()->back()
app/Http/Controllers/CutiController.php:427:                return redirect()->back()
app/Http/Controllers/Auth/NewPasswordController.php:58:                    : back()->withInput($request->only('email'))
app/Http/Controllers/Auth/PasswordResetLinkController.php:40:                    ? back()->with('status', __($status))
app/Http/Controllers/Auth/PasswordResetLinkController.php:41:                    : back()->withInput($request->only('email'))
app/Http/Controllers/Auth/PasswordController.php:27:        return back()->with('status', 'password-updated');
app/Http/Controllers/Auth/EmailVerificationNotificationController.php:23:        return back()->with('status', 'verification-link-sent');
app/Http/Controllers/RoleController.php:111:        return redirect()->back()->with('status', 'Permissions added to role');
app/Http/Controllers/RiwayatPangkatController.php:95:            return redirect()->back()
app/Http/Controllers/RiwayatJabatanController.php:77:            return redirect()->back()
### secrets keywords
./database/migrations/2019_12_14_000001_create_personal_access_tokens_table.php:14:        Schema::create('personal_access_tokens', function (Blueprint $table) {
./database/migrations/2019_12_14_000001_create_personal_access_tokens_table.php:16:            $table->uuidMorphs('tokenable');
./database/migrations/2019_12_14_000001_create_personal_access_tokens_table.php:17:            //$table->morphs('tokenable');
./database/migrations/2019_12_14_000001_create_personal_access_tokens_table.php:19:            $table->string('token', 64)->unique();
./database/migrations/2019_12_14_000001_create_personal_access_tokens_table.php:32:        Schema::dropIfExists('personal_access_tokens');
./database/migrations/2014_10_12_100000_create_password_reset_tokens_table.php:14:        Schema::create('password_reset_tokens', function (Blueprint $table) {
./database/migrations/2014_10_12_100000_create_password_reset_tokens_table.php:16:            $table->string('token');
./database/migrations/2014_10_12_100000_create_password_reset_tokens_table.php:26:        Schema::dropIfExists('password_reset_tokens');
./database/factories/UserFactory.php:31:            'remember_token' => Str::random(10),
./app/Models/User.php:61:        'remember_token',
./app/Http/Controllers/Auth/NewPasswordController.php:33:            'token' => ['required'],
./app/Http/Controllers/Auth/NewPasswordController.php:42:            $request->only('email', 'password', 'password_confirmation', 'token'),
./app/Http/Controllers/Auth/NewPasswordController.php:46:                    'remember_token' => Str::random(60),
./config/sanctum.php:32:    | token that's present on an incoming request for authentication.
./config/sanctum.php:43:    | This value controls the number of minutes until an issued token will be
./config/sanctum.php:44:    | considered expired. This will override any values set in the token's
./config/sanctum.php:56:    | Sanctum can prefix new tokens in order to take advantage of numerous
./config/sanctum.php:58:    | that notify developers if they commit tokens into repositories.
./config/sanctum.php:60:    | See: https://docs.github.com/en/code-security/secret-scanning/about-secret-scanning
./config/sanctum.php:64:    'token_prefix' => env('SANCTUM_TOKEN_PREFIX', ''),
./config/sanctum.php:80:        'verify_csrf_token' => App\Http\Middleware\VerifyCsrfToken::class,
./config/auth.php:83:    | The expiry time is the number of minutes that each reset token will be
./config/auth.php:84:    | considered valid. This security feature keeps tokens short-lived so
./config/auth.php:88:    | generating more password reset tokens. This prevents the user from
./config/auth.php:89:    | quickly generating a very large amount of password reset tokens.
./config/auth.php:96:            'table' => 'password_reset_tokens',
./config/services.php:19:        'secret' => env('MAILGUN_SECRET'),
./config/services.php:25:        'token' => env('POSTMARK_TOKEN'),
./config/services.php:30:        'secret' => env('AWS_SECRET_ACCESS_KEY'),
./config/cache.php:84:            'secret' => env('AWS_SECRET_ACCESS_KEY'),
./config/queue.php:56:            'secret' => env('AWS_SECRET_ACCESS_KEY'),
./config/broadcasting.php:36:            'secret' => env('PUSHER_APP_SECRET'),
./config/filesystems.php:50:            'secret' => env('AWS_SECRET_ACCESS_KEY'),
./resources/js/bootstrap.js:4: * CSRF token as a header based on the value of the "XSRF" token cookie.
./resources/views/auth/reset-password.blade.php:6:        <input type="hidden" name="token" value="{{ $request->route('token') }}">
./resources/views/layouts/guest.blade.php:6:        <meta name="csrf-token" content="{{ csrf_token() }}">
./resources/views/layouts/app.blade.php:6:        <meta name="csrf-token" content="{{ csrf_token() }}">
./tests/Feature/Auth/PasswordResetTest.php:42:            $response = $this->get('/reset-password/'.$notification->token);
./tests/Feature/Auth/PasswordResetTest.php:50:    public function test_password_can_be_reset_with_valid_token(): void
./tests/Feature/Auth/PasswordResetTest.php:60:                'token' => $notification->token,
./docker-compose.dev.yml:36:      MYSQL_ROOT_PASSWORD: "${DB_PASSWORD:-secret}"
./docker-compose.dev.yml:39:      MYSQL_PASSWORD: "${DB_PASSWORD:-secret}"
./docker-compose.dev.yml:47:      test: [ "CMD", "mysqladmin", "ping", "-h", "localhost", "-u", "root", "-p${DB_PASSWORD:-secret}" ]
./storage/framework/views/4395f0fb20ef66464c1c0ea996add9b9.php:6:        <meta name="csrf-token" content="<?php echo e(csrf_token()); ?>">
./storage/framework/views/7087fdbdcd4bdbe3071d9465436abac2.php:6:        <meta name="csrf-token" content="<?php echo e(csrf_token()); ?>">
./storage/framework/views/b776a04bd1d19723441a329f5cb16dc3.php:15:        <input type="hidden" name="token" value="<?php echo e($request->route('token')); ?>">
./public/build/assets/app-BjCBnTiP.js:6:`+s):r.stack=s}catch{}}throw r}}_request(t,n){typeof t=="string"?(n=n||{},n.url=t):n=t||{},n=Q(this.defaults,n);const{transitional:r,paramsSerializer:i,headers:s}=n;r!==void 0&&ht.assertOptions(r,{silentJSONParsing:$.transitional($.boolean),forcedJSONParsing:$.transitional($.boolean),clarifyTimeoutError:$.transitional($.boolean)},!1),i!=null&&(f.isFunction(i)?n.paramsSerializer={serialize:i}:ht.assertOptions(i,{encode:$.function,serialize:$.function},!0)),n.method=(n.method||this.defaults.method||"get").toLowerCase();let o=s&&f.merge(s.common,s[n.method]);s&&f.forEach(["delete","get","head","post","put","patch","common"],h=>{delete s[h]}),n.headers=N.concat(o,s);const a=[];let c=!0;this.interceptors.request.forEach(function(g){typeof g.runWhen=="function"&&g.runWhen(n)===!1||(c=c&&g.synchronous,a.unshift(g.fulfilled,g.rejected))});const u=[];this.interceptors.response.forEach(function(g){u.push(g.fulfilled,g.rejected)});let l,p=0,_;if(!c){const h=[yn.bind(this),void 0];for(h.unshift.apply(h,a),h.push.apply(h,u),_=h.length,l=Promise.resolve(n);p<_;)l=l.then(h[p++],h[p++]);return l}_=a.length;let w=n;for(p=0;p<_;){const h=a[p++],g=a[p++];try{w=h(w)}catch(d){g.call(this,d);break}}try{l=yn.call(this,w)}catch(h){return Promise.reject(h)}for(p=0,_=u.length;p<_;)l=l.then(u[p++],u[p++]);return l}getUri(t){t=Q(this.defaults,t);const n=Yn(t.baseURL,t.url);return Jn(n,t.params,t.paramsSerializer)}}f.forEach(["delete","get","head","options"],function(t){V.prototype[t]=function(n,r){return this.request(Q(r||{},{method:t,url:n,data:(r||{}).data}))}});f.forEach(["post","put","patch"],function(t){function n(r){return function(s,o,a){return this.request(Q(a||{},{method:t,headers:r?{"Content-Type":"multipart/form-data"}:{},url:s,data:o}))}}V.prototype[t]=n(),V.prototype[t+"Form"]=n(!0)});class Bt{constructor(t){if(typeof t!="function")throw new TypeError("executor must be a function.");let n;this.promise=new Promise(function(s){n=s});const r=this;this.promise.then(i=>{if(!r._listeners)return;let s=r._listeners.length;for(;s-- >0;)r._listeners[s](i);r._listeners=null}),this.promise.then=i=>{let s;const o=new Promise(a=>{r.subscribe(a),s=a}).then(i);return o.cancel=function(){r.unsubscribe(s)},o},t(function(s,o,a){r.reason||(r.reason=new oe(s,o,a),n(r.reason))})}throwIfRequested(){if(this.reason)throw this.reason}subscribe(t){if(this.reason){t(this.reason);return}this._listeners?this._listeners.push(t):this._listeners=[t]}unsubscribe(t){if(!this._listeners)return;const n=this._listeners.indexOf(t);n!==-1&&this._listeners.splice(n,1)}toAbortSignal(){const t=new AbortController,n=r=>{t.abort(r)};return this.subscribe(n),t.signal.unsubscribe=()=>this.unsubscribe(n),t.signal}static source(){let t;return{token:new Bt(function(i){t=i}),cancel:t}}}function zs(e){return function(n){return e.apply(null,n)}}function Ks(e){return f.isObject(e)&&e.isAxiosError===!0}const _t={Continue:100,SwitchingProtocols:101,Processing:102,EarlyHints:103,Ok:200,Created:201,Accepted:202,NonAuthoritativeInformation:203,NoContent:204,ResetContent:205,PartialContent:206,MultiStatus:207,AlreadyReported:208,ImUsed:226,MultipleChoices:300,MovedPermanently:301,Found:302,SeeOther:303,NotModified:304,UseProxy:305,Unused:306,TemporaryRedirect:307,PermanentRedirect:308,BadRequest:400,Unauthorized:401,PaymentRequired:402,Forbidden:403,NotFound:404,MethodNotAllowed:405,NotAcceptable:406,ProxyAuthenticationRequired:407,RequestTimeout:408,Conflict:409,Gone:410,LengthRequired:411,PreconditionFailed:412,PayloadTooLarge:413,UriTooLong:414,UnsupportedMediaType:415,RangeNotSatisfiable:416,ExpectationFailed:417,ImATeapot:418,MisdirectedRequest:421,UnprocessableEntity:422,Locked:423,FailedDependency:424,TooEarly:425,UpgradeRequired:426,PreconditionRequired:428,TooManyRequests:429,RequestHeaderFieldsTooLarge:431,UnavailableForLegalReasons:451,InternalServerError:500,NotImplemented:501,BadGateway:502,ServiceUnavailable:503,GatewayTimeout:504,HttpVersionNotSupported:505,VariantAlsoNegotiates:506,InsufficientStorage:507,LoopDetected:508,NotExtended:510,NetworkAuthenticationRequired:511};Object.entries(_t).forEach(([e,t])=>{_t[t]=e});function rr(e){const t=new V(e),n=Mn(V.prototype.request,t);return f.extend(n,V.prototype,t,{allOwnKeys:!0}),f.extend(n,t,null,{allOwnKeys:!0}),n.create=function(i){return rr(Q(e,i))},n}const v=rr(xe);v.Axios=V;v.CanceledError=oe;v.CancelToken=Bt;v.isCancel=Xn;v.VERSION=nr;v.toFormData=Ke;v.AxiosError=y;v.Cancel=v.CanceledError;v.all=function(t){return Promise.all(t)};v.spread=zs;v.isAxiosError=Ks;v.mergeConfig=Q;v.AxiosHeaders=N;v.formToJSON=e=>Vn(f.isHTMLForm(e)?new FormData(e):e);v.getAdapter=tr.getAdapter;v.HttpStatusCode=_t;v.default=v;window.axios=v;window.axios.defaults.headers.common["X-Requested-With"]="XMLHttpRequest";var mt=!1,gt=!1,X=[],yt=-1;function Js(e){Ws(e)}function Ws(e){X.includes(e)||X.push(e),Xs()}function Vs(e){let t=X.indexOf(e);t!==-1&&t>yt&&X.splice(t,1)}function Xs(){!gt&&!mt&&(mt=!0,queueMicrotask(Gs))}function Gs(){mt=!1,gt=!0;for(let e=0;e<X.length;e++)X[e](),yt=e;X.length=0,yt=-1,gt=!1}var ae,te,ce,ir,bt=!0;function Ys(e){bt=!1,e(),bt=!0}function Zs(e){ae=e.reactive,ce=e.release,te=t=>e.effect(t,{scheduler:n=>{bt?Js(n):n()}}),ir=e.raw}function wn(e){te=e}function Qs(e){let t=()=>{};return[r=>{let i=te(r);return e._x_effects||(e._x_effects=new Set,e._x_runEffects=()=>{e._x_effects.forEach(s=>s())}),e._x_effects.add(i),t=()=>{i!==void 0&&(e._x_effects.delete(i),ce(i))},i},()=>{t()}]}function sr(e,t){let n=!0,r,i=te(()=>{let s=e();JSON.stringify(s),n?r=s:queueMicrotask(()=>{t(s,r),r=s}),n=!1});return()=>ce(i)}var or=[],ar=[],cr=[];function eo(e){cr.push(e)}function Dt(e,t){typeof t=="function"?(e._x_cleanups||(e._x_cleanups=[]),e._x_cleanups.push(t)):(t=e,ar.push(t))}function ur(e){or.push(e)}function lr(e,t,n){e._x_attributeCleanups||(e._x_attributeCleanups={}),e._x_attributeCleanups[t]||(e._x_attributeCleanups[t]=[]),e._x_attributeCleanups[t].push(n)}function fr(e,t){e._x_attributeCleanups&&Object.entries(e._x_attributeCleanups).forEach(([n,r])=>{(t===void 0||t.includes(n))&&(r.forEach(i=>i()),delete e._x_attributeCleanups[n])})}function to(e){var t,n;for((t=e._x_effects)==null||t.forEach(Vs);(n=e._x_cleanups)!=null&&n.length;)e._x_cleanups.pop()()}var kt=new MutationObserver(Ht),$t=!1;function Ut(){kt.observe(document,{subtree:!0,childList:!0,attributes:!0,attributeOldValue:!0}),$t=!0}function dr(){no(),kt.disconnect(),$t=!1}var de=[];function no(){let e=kt.takeRecords();de.push(()=>e.length>0&&Ht(e));let t=de.length;queueMicrotask(()=>{if(de.length===t)for(;de.length>0;)de.shift()()})}function S(e){if(!$t)return e();dr();let t=e();return Ut(),t}var qt=!1,De=[];function ro(){qt=!0}function io(){qt=!1,Ht(De),De=[]}function Ht(e){if(qt){De=De.concat(e);return}let t=new Set,n=new Set,r=new Map,i=new Map;for(let s=0;s<e.length;s++)if(!e[s].target._x_ignoreMutationObserver&&(e[s].type==="childList"&&(e[s].addedNodes.forEach(o=>o.nodeType===1&&t.add(o)),e[s].removedNodes.forEach(o=>o.nodeType===1&&n.add(o))),e[s].type==="attributes")){let o=e[s].target,a=e[s].attributeName,c=e[s].oldValue,u=()=>{r.has(o)||r.set(o,[]),r.get(o).push({name:a,value:o.getAttribute(a)})},l=()=>{i.has(o)||i.set(o,[]),i.get(o).push(a)};o.hasAttribute(a)&&c===null?u():o.hasAttribute(a)?(l(),u()):l()}i.forEach((s,o)=>{fr(o,s)}),r.forEach((s,o)=>{or.forEach(a=>a(o,s))});for(let s of n)t.has(s)||ar.forEach(o=>o(s));t.forEach(s=>{s._x_ignoreSelf=!0,s._x_ignore=!0});for(let s of t)n.has(s)||s.isConnected&&(delete s._x_ignoreSelf,delete s._x_ignore,cr.forEach(o=>o(s)),s._x_ignore=!0,s._x_ignoreSelf=!0);t.forEach(s=>{delete s._x_ignoreSelf,delete s._x_ignore}),t=null,n=null,r=null,i=null}function pr(e){return Se(re(e))}function Ee(e,t,n){return e._x_dataStack=[t,...re(n||e)],()=>{e._x_dataStack=e._x_dataStack.filter(r=>r!==t)}}function re(e){return e._x_dataStack?e._x_dataStack:typeof ShadowRoot=="function"&&e instanceof ShadowRoot?re(e.host):e.parentNode?re(e.parentNode):[]}function Se(e){return new Proxy({objects:e},so)}var so={ownKeys({objects:e}){return Array.from(new Set(e.flatMap(t=>Object.keys(t))))},has({objects:e},t){return t==Symbol.unscopables?!1:e.some(n=>Object.prototype.hasOwnProperty.call(n,t)||Reflect.has(n,t))},get({objects:e},t,n){return t=="toJSON"?oo:Reflect.get(e.find(r=>Reflect.has(r,t))||{},t,n)},set({objects:e},t,n,r){const i=e.find(o=>Object.prototype.hasOwnProperty.call(o,t))||e[e.length-1],s=Object.getOwnPropertyDescriptor(i,t);return s!=null&&s.set&&(s!=null&&s.get)?s.set.call(r,n)||!0:Reflect.set(i,t,n)}};function oo(){return Reflect.ownKeys(this).reduce((t,n)=>(t[n]=Reflect.get(this,n),t),{})}function hr(e){let t=r=>typeof r=="object"&&!Array.isArray(r)&&r!==null,n=(r,i="")=>{Object.entries(Object.getOwnPropertyDescriptors(r)).forEach(([s,{value:o,enumerable:a}])=>{if(a===!1||o===void 0||typeof o=="object"&&o!==null&&o.__v_skip)return;let c=i===""?s:`${i}.${s}`;typeof o=="object"&&o!==null&&o._x_interceptor?r[s]=o.initialize(e,c,s):t(o)&&o!==r&&!(o instanceof Element)&&n(o,c)})};return n(e)}function _r(e,t=()=>{}){let n={initialValue:void 0,_x_interceptor:!0,initialize(r,i,s){return e(this.initialValue,()=>ao(r,i),o=>wt(r,i,o),i,s)}};return t(n),r=>{if(typeof r=="object"&&r!==null&&r._x_interceptor){let i=n.initialize.bind(n);n.initialize=(s,o,a)=>{let c=r.initialize(s,o,a);return n.initialValue=c,i(s,o,a)}}else n.initialValue=r;return n}}function ao(e,t){return t.split(".").reduce((n,r)=>n[r],e)}function wt(e,t,n){if(typeof t=="string"&&(t=t.split(".")),t.length===1)e[t[0]]=n;else{if(t.length===0)throw error;return e[t[0]]||(e[t[0]]={}),wt(e[t[0]],t.slice(1),n)}}var mr={};function I(e,t){mr[e]=t}function xt(e,t){let n=co(t);return Object.entries(mr).forEach(([r,i])=>{Object.defineProperty(e,`$${r}`,{get(){return i(t,n)},enumerable:!1})}),e}function co(e){let[t,n]=Er(e),r={interceptor:_r,...t};return Dt(e,n),r}function uo(e,t,n,...r){try{return n(...r)}catch(i){be(i,e,t)}}function be(e,t,n=void 0){e=Object.assign(e??{message:"No error message given."},{el:t,expression:n}),console.warn(`Alpine Expression Error: ${e.message}
./.env:7:APP_KEY=base64:H9eKDg3Z1yBWgtAVGMY9rsDr1dfGl82fDxZojkpkw5s=
./.env:22:DB_PASSWORD=secret
./compose.dev.yaml:80:      - POSTGRES_PASSWORD=secret
./compose.prod.yaml:64:      - POSTGRES_PASSWORD=${POSTGRES_PASSWORD:-secret}
./.env.docker:22:DB_PASSWORD=secret
./.env.bu:3:APP_KEY=base64:fqI9Qe+05jCnL9m48gJpxe6IlFZKq9Lg8aTGr/tkaCU=
./routes/auth.php:32:    Route::get('reset-password/{token}', [NewPasswordController::class, 'create'])
